2021-12-23 03:06:16,654: INFO: [engine.py:128]: Namespace(base_scales=0.25, batch_size=16, checkpoint_interval=5, corr_levels=3, dataset='PTVflow3D', exp_path='pv_raft', gamma=0.8, gpus='2,3,4,5,6,7', iters=8, max_points=8192, num_epochs=42, num_points=2048, refine=False, root='./', test_batch_size=16, truncate_k=2048, weights=None)
2021-12-23 03:06:16,654: INFO: [engine.py:129]: 
2021-12-23 03:23:45,221: INFO: [engine.py:241]: Train Epoch 1: Loss: 0.20525 EPE: 0.09254 RMSE1: 0.11946 RMSE2: 0.07500
2021-12-23 03:25:01,455: INFO: [engine.py:351]: Val Epoch 1: Loss: 0.09039 EPE: 0.03588 Outlier: 0.51919 Acc3dRelax: 0.98060 Acc3dStrict: 0.84690 RMSE1: 0.03740 RMSE2: 0.03077
2021-12-23 03:25:01,455: INFO: [engine.py:362]: Best EPE: 0.03588
2021-12-23 03:42:11,436: INFO: [engine.py:241]: Train Epoch 2: Loss: 0.08573 EPE: 0.03518 RMSE1: 0.03451 RMSE2: 0.02955
2021-12-23 03:43:27,721: INFO: [engine.py:351]: Val Epoch 2: Loss: 0.08201 EPE: 0.03510 Outlier: 0.53280 Acc3dRelax: 0.98828 Acc3dStrict: 0.86990 RMSE1: 0.03158 RMSE2: 0.02875
2021-12-23 03:43:27,721: INFO: [engine.py:362]: Best EPE: 0.03510
2021-12-23 04:00:36,133: INFO: [engine.py:241]: Train Epoch 3: Loss: 0.07625 EPE: 0.03192 RMSE1: 0.03028 RMSE2: 0.02669
2021-12-23 04:01:52,376: INFO: [engine.py:351]: Val Epoch 3: Loss: 0.07235 EPE: 0.03015 Outlier: 0.46893 Acc3dRelax: 0.98992 Acc3dStrict: 0.88870 RMSE1: 0.02883 RMSE2: 0.02511
2021-12-23 04:01:52,376: INFO: [engine.py:362]: Best EPE: 0.03015
2021-12-23 04:19:01,277: INFO: [engine.py:241]: Train Epoch 4: Loss: 0.07225 EPE: 0.03075 RMSE1: 0.02958 RMSE2: 0.02583
2021-12-23 04:20:17,506: INFO: [engine.py:351]: Val Epoch 4: Loss: 0.07345 EPE: 0.03138 Outlier: 0.48660 Acc3dRelax: 0.98939 Acc3dStrict: 0.89517 RMSE1: 0.02984 RMSE2: 0.02619
2021-12-23 04:20:17,506: INFO: [engine.py:362]: Best EPE: 0.03015
2021-12-23 04:37:26,197: INFO: [engine.py:241]: Train Epoch 5: Loss: 0.06880 EPE: 0.02972 RMSE1: 0.02867 RMSE2: 0.02501
2021-12-23 04:38:42,498: INFO: [engine.py:351]: Val Epoch 5: Loss: 0.06546 EPE: 0.02815 Outlier: 0.44042 Acc3dRelax: 0.99204 Acc3dStrict: 0.90659 RMSE1: 0.02712 RMSE2: 0.02356
2021-12-23 04:38:42,499: INFO: [engine.py:362]: Best EPE: 0.02815
2021-12-23 04:55:51,641: INFO: [engine.py:241]: Train Epoch 6: Loss: 0.06403 EPE: 0.02751 RMSE1: 0.02763 RMSE2: 0.02357
2021-12-23 04:57:07,972: INFO: [engine.py:351]: Val Epoch 6: Loss: 0.06246 EPE: 0.02680 Outlier: 0.43011 Acc3dRelax: 0.99087 Acc3dStrict: 0.92685 RMSE1: 0.02661 RMSE2: 0.02304
2021-12-23 04:57:07,972: INFO: [engine.py:362]: Best EPE: 0.02680
2021-12-23 05:14:17,465: INFO: [engine.py:241]: Train Epoch 7: Loss: 0.05903 EPE: 0.02536 RMSE1: 0.02665 RMSE2: 0.02224
2021-12-23 05:15:33,718: INFO: [engine.py:351]: Val Epoch 7: Loss: 0.05442 EPE: 0.02341 Outlier: 0.37485 Acc3dRelax: 0.99117 Acc3dStrict: 0.93956 RMSE1: 0.02505 RMSE2: 0.02079
2021-12-23 05:15:33,718: INFO: [engine.py:362]: Best EPE: 0.02341
2021-12-23 05:32:44,177: INFO: [engine.py:241]: Train Epoch 8: Loss: 0.05525 EPE: 0.02372 RMSE1: 0.02571 RMSE2: 0.02109
2021-12-23 05:34:00,443: INFO: [engine.py:351]: Val Epoch 8: Loss: 0.05025 EPE: 0.02193 Outlier: 0.35557 Acc3dRelax: 0.99244 Acc3dStrict: 0.94591 RMSE1: 0.02344 RMSE2: 0.01936
2021-12-23 05:34:00,443: INFO: [engine.py:362]: Best EPE: 0.02193
2021-12-23 05:51:10,381: INFO: [engine.py:241]: Train Epoch 9: Loss: 0.05178 EPE: 0.02248 RMSE1: 0.02485 RMSE2: 0.02018
2021-12-23 05:52:26,665: INFO: [engine.py:351]: Val Epoch 9: Loss: 0.04917 EPE: 0.02168 Outlier: 0.35588 Acc3dRelax: 0.99275 Acc3dStrict: 0.94371 RMSE1: 0.02341 RMSE2: 0.01920
2021-12-23 05:52:26,665: INFO: [engine.py:362]: Best EPE: 0.02168
2021-12-23 06:09:37,280: INFO: [engine.py:241]: Train Epoch 10: Loss: 0.05000 EPE: 0.02181 RMSE1: 0.02424 RMSE2: 0.01959
2021-12-23 06:10:53,470: INFO: [engine.py:351]: Val Epoch 10: Loss: 0.05095 EPE: 0.02212 Outlier: 0.36043 Acc3dRelax: 0.99275 Acc3dStrict: 0.94946 RMSE1: 0.02355 RMSE2: 0.01954
2021-12-23 06:10:53,470: INFO: [engine.py:362]: Best EPE: 0.02168
2021-12-23 06:28:03,754: INFO: [engine.py:241]: Train Epoch 11: Loss: 0.04820 EPE: 0.02105 RMSE1: 0.02374 RMSE2: 0.01905
2021-12-23 06:29:20,052: INFO: [engine.py:351]: Val Epoch 11: Loss: 0.04466 EPE: 0.01981 Outlier: 0.32534 Acc3dRelax: 0.99297 Acc3dStrict: 0.95305 RMSE1: 0.02202 RMSE2: 0.01792
2021-12-23 06:29:20,052: INFO: [engine.py:362]: Best EPE: 0.01981
2021-12-23 06:46:30,298: INFO: [engine.py:241]: Train Epoch 12: Loss: 0.04273 EPE: 0.01817 RMSE1: 0.02230 RMSE2: 0.01747
2021-12-23 06:47:46,581: INFO: [engine.py:351]: Val Epoch 12: Loss: 0.04172 EPE: 0.01694 Outlier: 0.26647 Acc3dRelax: 0.99328 Acc3dStrict: 0.96816 RMSE1: 0.02016 RMSE2: 0.01615
2021-12-23 06:47:46,581: INFO: [engine.py:362]: Best EPE: 0.01694
2021-12-23 07:04:57,329: INFO: [engine.py:241]: Train Epoch 13: Loss: 0.03945 EPE: 0.01703 RMSE1: 0.02158 RMSE2: 0.01678
2021-12-23 07:06:13,615: INFO: [engine.py:351]: Val Epoch 13: Loss: 0.03686 EPE: 0.01648 Outlier: 0.25756 Acc3dRelax: 0.99358 Acc3dStrict: 0.97091 RMSE1: 0.01988 RMSE2: 0.01599
2021-12-23 07:06:13,615: INFO: [engine.py:362]: Best EPE: 0.01648
2021-12-23 07:23:24,976: INFO: [engine.py:241]: Train Epoch 14: Loss: 0.03732 EPE: 0.01636 RMSE1: 0.02095 RMSE2: 0.01625
2021-12-23 07:24:41,140: INFO: [engine.py:351]: Val Epoch 14: Loss: 0.04857 EPE: 0.01863 Outlier: 0.29430 Acc3dRelax: 0.99246 Acc3dStrict: 0.96462 RMSE1: 0.02186 RMSE2: 0.01760
2021-12-23 07:24:41,140: INFO: [engine.py:362]: Best EPE: 0.01648
2021-12-23 07:41:51,766: INFO: [engine.py:241]: Train Epoch 15: Loss: 0.03660 EPE: 0.01606 RMSE1: 0.02082 RMSE2: 0.01603
2021-12-23 07:43:07,973: INFO: [engine.py:351]: Val Epoch 15: Loss: 0.03518 EPE: 0.01479 Outlier: 0.23219 Acc3dRelax: 0.99357 Acc3dStrict: 0.97212 RMSE1: 0.01906 RMSE2: 0.01487
2021-12-23 07:43:07,973: INFO: [engine.py:362]: Best EPE: 0.01479
2021-12-23 08:00:18,465: INFO: [engine.py:241]: Train Epoch 16: Loss: 0.03073 EPE: 0.01185 RMSE1: 0.01936 RMSE2: 0.01390
2021-12-23 08:01:34,823: INFO: [engine.py:351]: Val Epoch 16: Loss: 0.02522 EPE: 0.00910 Outlier: 0.09750 Acc3dRelax: 0.99331 Acc3dStrict: 0.97491 RMSE1: 0.01653 RMSE2: 0.01160
2021-12-23 08:01:34,824: INFO: [engine.py:362]: Best EPE: 0.00910
2021-12-23 08:18:46,581: INFO: [engine.py:241]: Train Epoch 17: Loss: 0.02714 EPE: 0.00974 RMSE1: 0.01869 RMSE2: 0.01292
2021-12-23 08:20:02,913: INFO: [engine.py:351]: Val Epoch 17: Loss: 0.02265 EPE: 0.00763 Outlier: 0.07460 Acc3dRelax: 0.99386 Acc3dStrict: 0.97709 RMSE1: 0.01608 RMSE2: 0.01077
2021-12-23 08:20:02,913: INFO: [engine.py:362]: Best EPE: 0.00763
2021-12-23 08:37:14,453: INFO: [engine.py:241]: Train Epoch 18: Loss: 0.02551 EPE: 0.00908 RMSE1: 0.01826 RMSE2: 0.01245
2021-12-23 08:38:30,676: INFO: [engine.py:351]: Val Epoch 18: Loss: 0.02042 EPE: 0.00736 Outlier: 0.06944 Acc3dRelax: 0.99391 Acc3dStrict: 0.97736 RMSE1: 0.01585 RMSE2: 0.01056
2021-12-23 08:38:30,676: INFO: [engine.py:362]: Best EPE: 0.00736
2021-12-23 08:55:42,472: INFO: [engine.py:241]: Train Epoch 19: Loss: 0.02390 EPE: 0.00849 RMSE1: 0.01785 RMSE2: 0.01202
2021-12-23 08:56:58,769: INFO: [engine.py:351]: Val Epoch 19: Loss: 0.02426 EPE: 0.00826 Outlier: 0.08473 Acc3dRelax: 0.99348 Acc3dStrict: 0.97678 RMSE1: 0.01702 RMSE2: 0.01141
2021-12-23 08:56:58,769: INFO: [engine.py:362]: Best EPE: 0.00736
2021-12-23 09:14:11,710: INFO: [engine.py:241]: Train Epoch 20: Loss: 0.02365 EPE: 0.00845 RMSE1: 0.01785 RMSE2: 0.01200
2021-12-23 09:15:27,649: INFO: [engine.py:351]: Val Epoch 20: Loss: 0.02020 EPE: 0.00755 Outlier: 0.07237 Acc3dRelax: 0.99399 Acc3dStrict: 0.97805 RMSE1: 0.01584 RMSE2: 0.01052
2021-12-23 09:15:27,649: INFO: [engine.py:362]: Best EPE: 0.00736
2021-12-23 09:32:39,142: INFO: [engine.py:241]: Train Epoch 21: Loss: 0.02318 EPE: 0.00829 RMSE1: 0.01776 RMSE2: 0.01189
2021-12-23 09:33:55,455: INFO: [engine.py:351]: Val Epoch 21: Loss: 0.02077 EPE: 0.00743 Outlier: 0.06309 Acc3dRelax: 0.99358 Acc3dStrict: 0.97638 RMSE1: 0.01633 RMSE2: 0.01106
2021-12-23 09:33:55,455: INFO: [engine.py:362]: Best EPE: 0.00736
2021-12-23 09:51:07,011: INFO: [engine.py:241]: Train Epoch 22: Loss: 0.02333 EPE: 0.00836 RMSE1: 0.01793 RMSE2: 0.01199
2021-12-23 09:52:23,221: INFO: [engine.py:351]: Val Epoch 22: Loss: 0.01972 EPE: 0.00754 Outlier: 0.07310 Acc3dRelax: 0.99384 Acc3dStrict: 0.97678 RMSE1: 0.01588 RMSE2: 0.01060
2021-12-23 09:52:23,221: INFO: [engine.py:362]: Best EPE: 0.00736
2021-12-23 10:09:34,634: INFO: [engine.py:241]: Train Epoch 23: Loss: 0.02181 EPE: 0.00780 RMSE1: 0.01750 RMSE2: 0.01157
2021-12-23 10:10:50,852: INFO: [engine.py:351]: Val Epoch 23: Loss: 0.02550 EPE: 0.00866 Outlier: 0.08888 Acc3dRelax: 0.99384 Acc3dStrict: 0.97755 RMSE1: 0.01604 RMSE2: 0.01109
2021-12-23 10:10:50,853: INFO: [engine.py:362]: Best EPE: 0.00736
2021-12-23 10:28:08,705: INFO: [engine.py:241]: Train Epoch 24: Loss: 0.02228 EPE: 0.00798 RMSE1: 0.01764 RMSE2: 0.01173
2021-12-23 10:29:25,111: INFO: [engine.py:351]: Val Epoch 24: Loss: 0.02670 EPE: 0.00989 Outlier: 0.11271 Acc3dRelax: 0.99281 Acc3dStrict: 0.97137 RMSE1: 0.01769 RMSE2: 0.01276
2021-12-23 10:29:25,112: INFO: [engine.py:362]: Best EPE: 0.00736
2021-12-23 10:46:44,269: INFO: [engine.py:241]: Train Epoch 25: Loss: 0.02231 EPE: 0.00804 RMSE1: 0.01775 RMSE2: 0.01180
2021-12-23 10:48:00,356: INFO: [engine.py:351]: Val Epoch 25: Loss: 0.02089 EPE: 0.00673 Outlier: 0.06040 Acc3dRelax: 0.99428 Acc3dStrict: 0.97870 RMSE1: 0.01537 RMSE2: 0.01002
2021-12-23 10:48:00,356: INFO: [engine.py:362]: Best EPE: 0.00673
2021-12-23 11:05:17,227: INFO: [engine.py:241]: Train Epoch 26: Loss: 0.02135 EPE: 0.00768 RMSE1: 0.01745 RMSE2: 0.01152
2021-12-23 11:06:33,772: INFO: [engine.py:351]: Val Epoch 26: Loss: 0.01754 EPE: 0.00613 Outlier: 0.05072 Acc3dRelax: 0.99415 Acc3dStrict: 0.97947 RMSE1: 0.01519 RMSE2: 0.00979
2021-12-23 11:06:33,772: INFO: [engine.py:362]: Best EPE: 0.00613
2021-12-23 11:23:52,430: INFO: [engine.py:241]: Train Epoch 27: Loss: 0.02088 EPE: 0.00750 RMSE1: 0.01742 RMSE2: 0.01144
2021-12-23 11:25:08,300: INFO: [engine.py:351]: Val Epoch 27: Loss: 0.02189 EPE: 0.00784 Outlier: 0.07295 Acc3dRelax: 0.99362 Acc3dStrict: 0.97668 RMSE1: 0.01576 RMSE2: 0.01054
2021-12-23 11:25:08,300: INFO: [engine.py:362]: Best EPE: 0.00613
2021-12-23 11:42:24,529: INFO: [engine.py:241]: Train Epoch 28: Loss: 0.02090 EPE: 0.00754 RMSE1: 0.01747 RMSE2: 0.01149
2021-12-23 11:43:41,412: INFO: [engine.py:351]: Val Epoch 28: Loss: 0.01607 EPE: 0.00569 Outlier: 0.04858 Acc3dRelax: 0.99394 Acc3dStrict: 0.97831 RMSE1: 0.01520 RMSE2: 0.00963
2021-12-23 11:43:41,413: INFO: [engine.py:362]: Best EPE: 0.00569
2021-12-23 12:00:58,773: INFO: [engine.py:241]: Train Epoch 29: Loss: 0.02052 EPE: 0.00738 RMSE1: 0.01740 RMSE2: 0.01138
2021-12-23 12:02:15,447: INFO: [engine.py:351]: Val Epoch 29: Loss: 0.01945 EPE: 0.00666 Outlier: 0.05880 Acc3dRelax: 0.99387 Acc3dStrict: 0.97777 RMSE1: 0.01545 RMSE2: 0.00998
2021-12-23 12:02:15,447: INFO: [engine.py:362]: Best EPE: 0.00569
2021-12-23 12:19:33,204: INFO: [engine.py:241]: Train Epoch 30: Loss: 0.02110 EPE: 0.00762 RMSE1: 0.01760 RMSE2: 0.01157
2021-12-23 12:20:49,452: INFO: [engine.py:351]: Val Epoch 30: Loss: 0.02084 EPE: 0.00715 Outlier: 0.06379 Acc3dRelax: 0.99366 Acc3dStrict: 0.97741 RMSE1: 0.01556 RMSE2: 0.01032
2021-12-23 12:20:49,453: INFO: [engine.py:362]: Best EPE: 0.00569
2021-12-23 12:38:06,929: INFO: [engine.py:241]: Train Epoch 31: Loss: 0.01930 EPE: 0.00700 RMSE1: 0.01713 RMSE2: 0.01107
2021-12-23 12:39:23,307: INFO: [engine.py:351]: Val Epoch 31: Loss: 0.01821 EPE: 0.00642 Outlier: 0.06166 Acc3dRelax: 0.99349 Acc3dStrict: 0.97658 RMSE1: 0.01571 RMSE2: 0.01018
2021-12-23 12:39:23,307: INFO: [engine.py:362]: Best EPE: 0.00569
2021-12-23 12:56:41,344: INFO: [engine.py:241]: Train Epoch 32: Loss: 0.02037 EPE: 0.00735 RMSE1: 0.01731 RMSE2: 0.01133
2021-12-23 12:57:58,048: INFO: [engine.py:351]: Val Epoch 32: Loss: 0.01869 EPE: 0.00683 Outlier: 0.05448 Acc3dRelax: 0.99368 Acc3dStrict: 0.97754 RMSE1: 0.01604 RMSE2: 0.01054
2021-12-23 12:57:58,049: INFO: [engine.py:362]: Best EPE: 0.00569
2021-12-23 13:15:17,386: INFO: [engine.py:241]: Train Epoch 33: Loss: 0.01913 EPE: 0.00694 RMSE1: 0.01717 RMSE2: 0.01108
2021-12-23 13:16:33,790: INFO: [engine.py:351]: Val Epoch 33: Loss: 0.01691 EPE: 0.00573 Outlier: 0.05062 Acc3dRelax: 0.99455 Acc3dStrict: 0.98045 RMSE1: 0.01490 RMSE2: 0.00939
2021-12-23 13:16:33,790: INFO: [engine.py:362]: Best EPE: 0.00569
2021-12-23 13:33:51,126: INFO: [engine.py:241]: Train Epoch 34: Loss: 0.02027 EPE: 0.00740 RMSE1: 0.01737 RMSE2: 0.01137
2021-12-23 13:35:08,176: INFO: [engine.py:351]: Val Epoch 34: Loss: 0.02896 EPE: 0.00964 Outlier: 0.10842 Acc3dRelax: 0.99322 Acc3dStrict: 0.97602 RMSE1: 0.01758 RMSE2: 0.01216
2021-12-23 13:35:08,176: INFO: [engine.py:362]: Best EPE: 0.00569
2021-12-23 13:52:31,231: INFO: [engine.py:241]: Train Epoch 35: Loss: 0.01899 EPE: 0.00691 RMSE1: 0.01703 RMSE2: 0.01098
2021-12-23 13:53:48,765: INFO: [engine.py:351]: Val Epoch 35: Loss: 0.01654 EPE: 0.00542 Outlier: 0.04344 Acc3dRelax: 0.99456 Acc3dStrict: 0.98114 RMSE1: 0.01496 RMSE2: 0.00938
2021-12-23 13:53:48,766: INFO: [engine.py:362]: Best EPE: 0.00542
2021-12-23 14:11:34,164: INFO: [engine.py:241]: Train Epoch 36: Loss: 0.01835 EPE: 0.00667 RMSE1: 0.01679 RMSE2: 0.01076
2021-12-23 14:12:51,761: INFO: [engine.py:351]: Val Epoch 36: Loss: 0.01806 EPE: 0.00583 Outlier: 0.04869 Acc3dRelax: 0.99395 Acc3dStrict: 0.97869 RMSE1: 0.01559 RMSE2: 0.00985
2021-12-23 14:12:51,761: INFO: [engine.py:362]: Best EPE: 0.00542
2021-12-23 14:30:34,403: INFO: [engine.py:241]: Train Epoch 37: Loss: 0.01859 EPE: 0.00674 RMSE1: 0.01681 RMSE2: 0.01079
2021-12-23 14:31:51,589: INFO: [engine.py:351]: Val Epoch 37: Loss: 0.01948 EPE: 0.00655 Outlier: 0.05304 Acc3dRelax: 0.99357 Acc3dStrict: 0.97737 RMSE1: 0.01562 RMSE2: 0.01009
2021-12-23 14:31:51,589: INFO: [engine.py:362]: Best EPE: 0.00542
2021-12-23 14:49:35,795: INFO: [engine.py:241]: Train Epoch 38: Loss: 0.01795 EPE: 0.00655 RMSE1: 0.01683 RMSE2: 0.01068
2021-12-23 14:50:53,602: INFO: [engine.py:351]: Val Epoch 38: Loss: 0.01678 EPE: 0.00550 Outlier: 0.04125 Acc3dRelax: 0.99446 Acc3dStrict: 0.98188 RMSE1: 0.01471 RMSE2: 0.00922
2021-12-23 14:50:53,602: INFO: [engine.py:362]: Best EPE: 0.00542
2021-12-23 15:08:39,153: INFO: [engine.py:241]: Train Epoch 39: Loss: 0.01731 EPE: 0.00632 RMSE1: 0.01655 RMSE2: 0.01047
2021-12-23 15:09:56,711: INFO: [engine.py:351]: Val Epoch 39: Loss: 0.01538 EPE: 0.00537 Outlier: 0.04195 Acc3dRelax: 0.99450 Acc3dStrict: 0.98139 RMSE1: 0.01444 RMSE2: 0.00898
2021-12-23 15:09:56,711: INFO: [engine.py:362]: Best EPE: 0.00537
2021-12-23 15:27:41,715: INFO: [engine.py:241]: Train Epoch 40: Loss: 0.01817 EPE: 0.00663 RMSE1: 0.01685 RMSE2: 0.01076
2021-12-23 15:28:59,134: INFO: [engine.py:351]: Val Epoch 40: Loss: 0.01400 EPE: 0.00487 Outlier: 0.03631 Acc3dRelax: 0.99491 Acc3dStrict: 0.98320 RMSE1: 0.01448 RMSE2: 0.00879
2021-12-23 15:28:59,134: INFO: [engine.py:362]: Best EPE: 0.00487
2021-12-23 15:46:42,575: INFO: [engine.py:241]: Train Epoch 41: Loss: 0.01722 EPE: 0.00629 RMSE1: 0.01653 RMSE2: 0.01047
2021-12-23 15:48:00,211: INFO: [engine.py:351]: Val Epoch 41: Loss: 0.01695 EPE: 0.00575 Outlier: 0.04391 Acc3dRelax: 0.99403 Acc3dStrict: 0.98084 RMSE1: 0.01486 RMSE2: 0.00956
2021-12-23 15:48:00,212: INFO: [engine.py:362]: Best EPE: 0.00487
2021-12-23 16:05:43,436: INFO: [engine.py:241]: Train Epoch 42: Loss: 0.01684 EPE: 0.00617 RMSE1: 0.01650 RMSE2: 0.01038
2021-12-23 16:07:00,983: INFO: [engine.py:351]: Val Epoch 42: Loss: 0.01518 EPE: 0.00527 Outlier: 0.03949 Acc3dRelax: 0.99434 Acc3dStrict: 0.98060 RMSE1: 0.01488 RMSE2: 0.00920
2021-12-23 16:07:00,984: INFO: [engine.py:362]: Best EPE: 0.00487
2021-12-23 16:08:18,030: INFO: [engine.py:372]: Test Result: EPE: 0.00486 Outlier: 0.03629 Acc3dRelax: 0.99490 Acc3dStrict: 0.98321 RMSE1: 0.01448 RMSE2: 0.00879
